warning: Git tree '/home/snuppy/.dotfiles/mynixos' is dirty
building the system configuration...
warning: Git tree '/home/snuppy/.dotfiles/mynixos' is dirty
these 3 derivations will be built:
  /nix/store/1dmq6vq4arhz0ds9z3g6ri808ps6w7x5-user-environment.drv
  /nix/store/5zvi99cp9bd0jp7v5wkkqx14pazg6bbh-etc.drv
  /nix/store/4kl1x3r1bjjy8idaq6c7w24swf8kh73r-nixos-system-snp-lap1nix-25.11.20260103.30a3c51.drv
these 2 paths will be fetched (13.07 MiB download, 69.68 MiB unpacked):
  /nix/store/640lzjdp7b96jjv29q47hwjjxk72zn9b-live555-2024.09.20
  /nix/store/0mnqn9y58v5r7x2sngyhdg23s3w5qn9q-vlc-3.0.23-2
copying path '/nix/store/640lzjdp7b96jjv29q47hwjjxk72zn9b-live555-2024.09.20' from 'https://cache.nixos.org'...
copying path '/nix/store/0mnqn9y58v5r7x2sngyhdg23s3w5qn9q-vlc-3.0.23-2' from 'https://cache.nixos.org'...
building '/nix/store/1dmq6vq4arhz0ds9z3g6ri808ps6w7x5-user-environment.drv'...
building '/nix/store/5zvi99cp9bd0jp7v5wkkqx14pazg6bbh-etc.drv'...
building '/nix/store/4kl1x3r1bjjy8idaq6c7w24swf8kh73r-nixos-system-snp-lap1nix-25.11.20260103.30a3c51.drv'...
activating the configuration...
setting up /etc...
reloading user units for snuppy...
restarting sysinit-reactivation.target
the following new units were started: NetworkManager-dispatcher.service
Done. The new configuration is /nix/store/l3pd4h4rymffkhyl6pvihgzh45wjpy8l-nixos-system-snp-lap1nix-25.11.20260103.30a3c51
